2024-09-25 04:02:03,834 - INFO - Running simulations on device: cpu
2024-09-25 04:02:03,834 - INFO - Starting simulation for Protein ID: 1
2024-09-25 04:02:03,834 - DEBUG - Protein ID: 1
2024-09-25 04:02:03,834 - DEBUG - PDB file: C:\Users\wes\AutoMol-v2\dummy_simulation_output\AF-P02686-F1-model_v4.pdb
2024-09-25 04:02:03,834 - DEBUG - Protein simulation directory: simulation_output\protein_1
2024-09-25 04:02:04,933 - INFO - Fixed PDB written to simulation_output\protein_1\fixed.pdb
2024-09-25 04:02:05,072 - INFO - Adding hydrogens...
2024-09-25 04:02:05,326 - INFO - Adding solvent...
2024-09-25 04:02:27,900 - INFO - Solvent added successfully.
2024-09-25 04:02:27,900 - INFO - Creating system...
2024-09-25 04:02:32,031 - INFO - System created successfully.
2024-09-25 04:02:33,763 - INFO - Minimizing energy...
2024-09-25 04:05:54,440 - INFO - Energy minimized successfully.
2024-09-25 04:05:54,441 - INFO - Equilibrating...
2024-09-25 04:06:14,094 - INFO - Equilibration completed successfully.
2024-09-25 04:06:14,095 - INFO - Starting production run...
2024-09-25 04:06:14,109 - ERROR - Error during molecular dynamics simulation: name 'np' is not defined
2024-09-25 04:06:14,110 - ERROR - Error processing protein 1: name 'np' is not defined
Traceback (most recent call last):
  File "C:\Users\wes\AutoMol-v2\automol\phase3\simulate.py", line 201, in run_simulation_pipeline
    result = simulate(protein, simulation_dir)
             ^^^^^^^^^^^^^^^^^^^^^^^^^^^^^^^^^
  File "C:\Users\wes\AutoMol-v2\automol\phase3\simulate.py", line 190, in simulate
    simulation_output = molecular_dynamics_simulation(pdb_file, protein_sim_dir)
                        ^^^^^^^^^^^^^^^^^^^^^^^^^^^^^^^^^^^^^^^^^^^^^^^^^^^^^^^^
  File "C:\Users\wes\AutoMol-v2\automol\phase3\simulate.py", line 148, in molecular_dynamics_simulation
    if not valid_coords(simulation, current_state):
           ^^^^^^^^^^^^^^^^^^^^^^^^^^^^^^^^^^^^^^^
  File "C:\Users\wes\AutoMol-v2\automol\phase3\simulate.py", line 126, in valid_coords
    if np.isnan(positions).any() or np.isinf(positions).any():
       ^^
NameError: name 'np' is not defined
2024-09-25 04:06:14,251 - INFO - Starting simulation for Protein ID: 2
2024-09-25 04:06:14,251 - DEBUG - Protein ID: 2
2024-09-25 04:06:14,251 - DEBUG - PDB file: C:\Users\wes\AutoMol-v2\dummy_simulation_output\AF-P07237-F1-model_v4.pdb
2024-09-25 04:06:14,252 - DEBUG - Protein simulation directory: simulation_output\protein_2
2024-09-25 04:06:17,053 - INFO - Fixed PDB written to simulation_output\protein_2\fixed.pdb
2024-09-25 04:06:17,211 - INFO - Adding hydrogens...
2024-09-25 04:06:18,273 - INFO - Adding solvent...
2024-09-25 04:06:43,003 - INFO - Solvent added successfully.
2024-09-25 04:06:43,003 - INFO - Creating system...
2024-09-25 04:06:47,337 - INFO - System created successfully.
2024-09-25 04:06:49,062 - INFO - Minimizing energy...
2024-09-25 04:07:36,865 - INFO - Running simulations on device: cpu
2024-09-25 04:07:36,865 - INFO - Starting simulation for Protein ID: 1
2024-09-25 04:07:36,865 - DEBUG - Protein ID: 1
2024-09-25 04:07:36,865 - DEBUG - PDB file: C:\Users\wes\AutoMol-v2\dummy_simulation_output\AF-P02686-F1-model_v4.pdb
2024-09-25 04:07:36,866 - DEBUG - Protein simulation directory: simulation_output\protein_1
2024-09-25 04:07:37,975 - INFO - Fixed PDB written to simulation_output\protein_1\fixed.pdb
2024-09-25 04:07:38,115 - INFO - Adding hydrogens...
2024-09-25 04:07:38,359 - INFO - Adding solvent...
2024-09-25 04:07:42,920 - INFO - Running simulations on device: cpu
2024-09-25 04:07:42,920 - INFO - Starting simulation for Protein ID: 1
2024-09-25 04:07:42,920 - DEBUG - Protein ID: 1
2024-09-25 04:07:42,920 - DEBUG - PDB file: C:\Users\wes\AutoMol-v2\dummy_simulation_output\AF-P02686-F1-model_v4.pdb
2024-09-25 04:07:42,921 - DEBUG - Protein simulation directory: simulation_output\protein_1
2024-09-25 04:07:44,038 - INFO - Fixed PDB written to simulation_output\protein_1\fixed.pdb
2024-09-25 04:07:44,180 - INFO - Adding hydrogens...
2024-09-25 04:07:44,434 - INFO - Adding solvent...
2024-09-25 04:08:18,270 - INFO - Running simulations on device: cpu
2024-09-25 04:08:18,270 - INFO - Starting simulation for Protein ID: 1
2024-09-25 04:08:18,270 - DEBUG - Protein ID: 1
2024-09-25 04:08:18,270 - DEBUG - PDB file: C:\Users\wes\AutoMol-v2\dummy_simulation_output\AF-P02686-F1-model_v4.pdb
2024-09-25 04:08:18,270 - DEBUG - Protein simulation directory: simulation_output\protein_1
2024-09-25 04:08:19,379 - INFO - Fixed PDB written to simulation_output\protein_1\fixed.pdb
2024-09-25 04:08:19,517 - INFO - Adding hydrogens...
2024-09-25 04:08:19,761 - INFO - Adding solvent...
