2024-09-25 02:56:09,100 - __main__ - INFO - Logger setup complete.
2024-09-25 02:56:09,101 - __main__ - INFO - Starting Phase 4: Digital Twin Simulation
2024-09-25 02:56:09,101 - __main__ - INFO - Applied perturbation: oxidative_stress
2024-09-25 02:56:09,103 - __main__ - INFO - Applied perturbation: oxidative_stress
2024-09-25 02:56:09,103 - __main__ - INFO - Applied perturbation: nutrient_depletion
2024-09-25 02:56:09,103 - __main__ - INFO - Applied perturbation: nutrient_depletion
2024-09-25 02:56:09,103 - __main__ - INFO - Applied perturbation: oxidative_stress
2024-09-25 02:56:09,105 - __main__ - INFO - Applied perturbation: oxidative_stress
2024-09-25 02:56:09,106 - __main__ - INFO - Applied perturbation: oxidative_stress
2024-09-25 02:56:09,106 - __main__ - INFO - Applied perturbation: oxidative_stress
2024-09-25 02:56:09,107 - __main__ - INFO - Applied perturbation: nutrient_depletion
2024-09-25 02:56:09,108 - __main__ - INFO - Applied perturbation: oxidative_stress
2024-09-25 02:56:09,108 - __main__ - INFO - Applied perturbation: metabolic_boost
2024-09-25 02:56:09,110 - __main__ - INFO - Applied perturbation: nutrient_depletion
2024-09-25 02:56:09,111 - __main__ - INFO - Applied perturbation: nutrient_depletion
2024-09-25 02:56:09,111 - __main__ - INFO - Applied perturbation: nutrient_depletion
2024-09-25 02:56:09,112 - __main__ - INFO - Applied perturbation: nutrient_depletion
2024-09-25 02:56:09,112 - __main__ - INFO - Applied perturbation: metabolic_boost
2024-09-25 02:56:09,113 - __main__ - INFO - Applied perturbation: oxidative_stress
2024-09-25 02:56:09,114 - __main__ - INFO - Applied perturbation: oxidative_stress
2024-09-25 02:56:09,114 - __main__ - INFO - Applied perturbation: metabolic_boost
2024-09-25 02:56:09,115 - __main__ - INFO - Applied perturbation: oxidative_stress
2024-09-25 02:56:09,115 - __main__ - INFO - Applied perturbation: nutrient_depletion
2024-09-25 02:56:09,118 - __main__ - INFO - Applied perturbation: oxidative_stress
2024-09-25 02:56:09,119 - __main__ - INFO - Applied perturbation: oxidative_stress
2024-09-25 02:56:09,120 - __main__ - INFO - Applied perturbation: oxidative_stress
2024-09-25 02:56:09,120 - __main__ - INFO - Applied perturbation: metabolic_boost
2024-09-25 02:56:09,121 - __main__ - INFO - Applied perturbation: nutrient_depletion
2024-09-25 02:56:09,121 - __main__ - INFO - Applied perturbation: oxidative_stress
2024-09-25 02:56:09,121 - __main__ - INFO - Applied perturbation: metabolic_boost
2024-09-25 02:56:09,122 - __main__ - INFO - Applied perturbation: nutrient_depletion
2024-09-25 02:56:09,123 - __main__ - INFO - Applied perturbation: nutrient_depletion
2024-09-25 02:56:09,125 - __main__ - INFO - Applied perturbation: metabolic_boost
2024-09-25 02:56:09,126 - __main__ - INFO - Applied perturbation: oxidative_stress
2024-09-25 02:56:09,128 - __main__ - INFO - Phase 4 completed successfully. Final growth rate: 0.5817
2024-09-25 02:56:09,128 - __main__ - INFO - Final analysis report saved at C:\Users\wes\AutoMol-v2\automol\phase4\..\..\results\phase4\final_analysis_report.json.
